Warning: You are sending unauthenticated requests to the HF Hub. Please set a HF_TOKEN to enable higher rate limits and faster downloads.
Loading weights:   0%|          | 0/131 [00:00<?, ?it/s]Loading weights: 100%|██████████| 131/131 [00:00<00:00, 12853.92it/s]
-- Step 1: Preparing Data --
Skipped
-- Step 2: Chunk Data --
Loaded Cached Chunks from Disk
-- Step 3: Base Embed Chunks --
Loaded Cached Embeddings from Disk
-- Step 4: Train dirty Classifier --
ERROR: Could not assign labels to file. Not found. novel_crypto/DirtBagXon_hypseus-singe_md5.c
ERROR: Could not assign labels to file. Not found. novel_crypto/fcorbelli_zpaqfranz_libzpaq.cpp
  Training BCE Classifier on 4115 crypto chunks and 15912 non-crypto chunks…
    Epoch 1/50 - Loss: 0.3892
    Epoch 20/50 - Loss: 0.1725
    Epoch 40/50 - Loss: 0.1540
  BCE classifier saved to 'results/neural_network/codet5_small/overlap_1_4/lr_0.001_bs_32_ep_50/model.pt'
Skipping Fine-Tuning steps. Evaluating Base Embeddings and Dirty Classifier.
-- Step 9: Evaluate Classifier --
ERROR: Could not assign labels to file. Not found. novel_crypto/DirtBagXon_hypseus-singe_md5.c
ERROR: Could not assign labels to file. Not found. novel_crypto/fcorbelli_zpaqfranz_libzpaq.cpp
Generated gorgeous interactive HTML evaluation report: results/neural_network/codet5_small/overlap_1_4/lr_0.001_bs_32_ep_50/evaluation_report.html
{'input_type': 'text', 'classifier_type': 'neural_network_binary_classifier', 'best_f1_threshold': 0.931, 'best_f1_metrics': {'novel_crypto_tp': 46, 'novel_crypto_fn': 4, 'non_crypto_unrelated_tn': 45, 'non_crypto_unrelated_fp': 5, 'non_crypto_discarded_tn': 49, 'non_crypto_discarded_fp': 1}, 'min_fn_threshold': 0.76, 'min_fn_metrics': {'novel_crypto_tp': 50, 'novel_crypto_fn': 0, 'non_crypto_unrelated_tn': 42, 'non_crypto_unrelated_fp': 8, 'non_crypto_discarded_tn': 43, 'non_crypto_discarded_fp': 7}, 'min_fp_threshold': 0.999, 'min_fp_metrics': {'novel_crypto_tp': 7, 'novel_crypto_fn': 43, 'non_crypto_unrelated_tn': 50, 'non_crypto_unrelated_fp': 0, 'non_crypto_discarded_tn': 50, 'non_crypto_discarded_fp': 0}}
