Warning: You are sending unauthenticated requests to the HF Hub. Please set a HF_TOKEN to enable higher rate limits and faster downloads.
Loading weights:   0%|          | 0/199 [00:00<?, ?it/s]Loading weights: 100%|██████████| 199/199 [00:00<00:00, 12938.56it/s]
-- Step 1: Preparing Data --
Skipped
-- Step 2: Chunk Data --
Loaded Cached Chunks from Disk
-- Step 3: Base Embed Chunks --
Loaded Cached Embeddings from Disk
-- Step 4: Train dirty Classifier --
ERROR: Could not assign labels to file. Not found. novel_crypto/litecoincash-project_litecoincash_blake2s-ref.c
ERROR: Could not assign labels to file. Not found. novel_crypto/deluxetiky_ESP8266ArduinoCrypto_Poly1305.cpp
ERROR: Could not assign labels to file. Not found. novel_crypto/unix-ninja_hackersandbox_md5.cpp
ERROR: Could not assign labels to file. Not found. novel_crypto/DirtBagXon_hypseus-singe_md5.c
ERROR: Could not assign labels to file. Not found. novel_crypto/fcorbelli_zpaqfranz_libzpaq.cpp
  Training Random Forest on 4107 crypto chunks and 18972 non-crypto chunks…
  RF cross-val accuracy: 92.58% ± 1.02%
  Random Forest classifier saved to 'results/random_forest/codebert-base/overlap_1_4/quick/model.pkl'
Skipping Fine-Tuning steps. Evaluating Base Embeddings and Dirty Classifier.
-- Step 9: Evaluate Classifier --
ERROR: Could not assign labels to file. Not found. novel_crypto/litecoincash-project_litecoincash_blake2s-ref.c
ERROR: Could not assign labels to file. Not found. novel_crypto/deluxetiky_ESP8266ArduinoCrypto_Poly1305.cpp
ERROR: Could not assign labels to file. Not found. novel_crypto/unix-ninja_hackersandbox_md5.cpp
ERROR: Could not assign labels to file. Not found. novel_crypto/DirtBagXon_hypseus-singe_md5.c
ERROR: Could not assign labels to file. Not found. novel_crypto/fcorbelli_zpaqfranz_libzpaq.cpp
Generated gorgeous interactive HTML evaluation report: results/random_forest/codebert-base/overlap_1_4/quick/evaluation_report.html
{'input_type': 'text', 'classifier_type': 'random_forest_classifier', 'best_f1_threshold': 0.581, 'best_f1_metrics': {'novel_crypto_tp': 48, 'novel_crypto_fn': 2, 'non_crypto_unrelated_tn': 48, 'non_crypto_unrelated_fp': 2, 'non_crypto_discarded_tn': 47, 'non_crypto_discarded_fp': 3}, 'min_fn_threshold': 0.172, 'min_fn_metrics': {'novel_crypto_tp': 50, 'novel_crypto_fn': 0, 'non_crypto_unrelated_tn': 20, 'non_crypto_unrelated_fp': 30, 'non_crypto_discarded_tn': 14, 'non_crypto_discarded_fp': 36}, 'min_fp_threshold': 0.949, 'min_fp_metrics': {'novel_crypto_tp': 6, 'novel_crypto_fn': 44, 'non_crypto_unrelated_tn': 50, 'non_crypto_unrelated_fp': 0, 'non_crypto_discarded_tn': 50, 'non_crypto_discarded_fp': 0}}
